<?xml version="1.0" encoding="UTF-8"?>
<testsuites>
  <testsuite name="" tests="11" assertions="21" errors="0" warnings="0" failures="0" skipped="0" time="0.017708">
    <testsuite name="Project Test Suite" tests="11" assertions="21" errors="0" warnings="0" failures="0" skipped="0" time="0.017708">
      <testsuite name="App\Card\CardTest" file="/home/sandy/dbwebb-kurser/mvc/me/report/tests/Card/CardTest.php" tests="11" assertions="21" errors="0" warnings="0" failures="0" skipped="0" time="0.017708">
        <testcase name="testCreateCardHand" class="App\Card\CardTest" classname="App.Card.CardTest" file="/home/sandy/dbwebb-kurser/mvc/me/report/tests/Card/CardTest.php" line="18" assertions="2" time="0.007440"/>
        <testcase name="testCreatedeck" class="App\Card\CardTest" classname="App.Card.CardTest" file="/home/sandy/dbwebb-kurser/mvc/me/report/tests/Card/CardTest.php" line="29" assertions="2" time="0.002123"/>
        <testcase name="testCreateCard" class="App\Card\CardTest" classname="App.Card.CardTest" file="/home/sandy/dbwebb-kurser/mvc/me/report/tests/Card/CardTest.php" line="39" assertions="4" time="0.001260"/>
        <testcase name="testDrawCard" class="App\Card\CardTest" classname="App.Card.CardTest" file="/home/sandy/dbwebb-kurser/mvc/me/report/tests/Card/CardTest.php" line="52" assertions="2" time="0.002072"/>
        <testcase name="testShuffe" class="App\Card\CardTest" classname="App.Card.CardTest" file="/home/sandy/dbwebb-kurser/mvc/me/report/tests/Card/CardTest.php" line="65" assertions="1" time="0.001465"/>
        <testcase name="testGetLastDrawnCard" class="App\Card\CardTest" classname="App.Card.CardTest" file="/home/sandy/dbwebb-kurser/mvc/me/report/tests/Card/CardTest.php" line="79" assertions="3" time="0.000481"/>
        <testcase name="testGetLastDrawnCardEmpty" class="App\Card\CardTest" classname="App.Card.CardTest" file="/home/sandy/dbwebb-kurser/mvc/me/report/tests/Card/CardTest.php" line="94" assertions="2" time="0.000785"/>
        <testcase name="testGetHandValue" class="App\Card\CardTest" classname="App.Card.CardTest" file="/home/sandy/dbwebb-kurser/mvc/me/report/tests/Card/CardTest.php" line="106" assertions="1" time="0.000450"/>
        <testcase name="testDisplay" class="App\Card\CardTest" classname="App.Card.CardTest" file="/home/sandy/dbwebb-kurser/mvc/me/report/tests/Card/CardTest.php" line="119" assertions="2" time="0.000648"/>
        <testcase name="testDisplayDeck" class="App\Card\CardTest" classname="App.Card.CardTest" file="/home/sandy/dbwebb-kurser/mvc/me/report/tests/Card/CardTest.php" line="133" assertions="1" time="0.000427"/>
        <testcase name="testDisplayDeckEmpty" class="App\Card\CardTest" classname="App.Card.CardTest" file="/home/sandy/dbwebb-kurser/mvc/me/report/tests/Card/CardTest.php" line="143" assertions="1" time="0.000556"/>
      </testsuite>
    </testsuite>
  </testsuite>
</testsuites>
