<?xml version="1.0" encoding="UTF-8"?>
<testsuites>
  <testsuite name="" tests="11" assertions="21" errors="0" warnings="0" failures="0" skipped="0" time="0.015390">
    <testsuite name="Project Test Suite" tests="11" assertions="21" errors="0" warnings="0" failures="0" skipped="0" time="0.015390">
      <testsuite name="App\Card\CardTest" file="/home/sandy/dbwebb-kurser/mvc/me/report/tests/Card/CardTest.php" tests="11" assertions="21" errors="0" warnings="0" failures="0" skipped="0" time="0.015390">
        <testcase name="testCreateCardHand" class="App\Card\CardTest" classname="App.Card.CardTest" file="/home/sandy/dbwebb-kurser/mvc/me/report/tests/Card/CardTest.php" line="18" assertions="2" time="0.007255"/>
        <testcase name="testCreatedeck" class="App\Card\CardTest" classname="App.Card.CardTest" file="/home/sandy/dbwebb-kurser/mvc/me/report/tests/Card/CardTest.php" line="29" assertions="2" time="0.001673"/>
        <testcase name="testCreateCard" class="App\Card\CardTest" classname="App.Card.CardTest" file="/home/sandy/dbwebb-kurser/mvc/me/report/tests/Card/CardTest.php" line="39" assertions="4" time="0.000816"/>
        <testcase name="testDrawCard" class="App\Card\CardTest" classname="App.Card.CardTest" file="/home/sandy/dbwebb-kurser/mvc/me/report/tests/Card/CardTest.php" line="52" assertions="2" time="0.001585"/>
        <testcase name="testShuffe" class="App\Card\CardTest" classname="App.Card.CardTest" file="/home/sandy/dbwebb-kurser/mvc/me/report/tests/Card/CardTest.php" line="65" assertions="1" time="0.000928"/>
        <testcase name="testGetLastDrawnCard" class="App\Card\CardTest" classname="App.Card.CardTest" file="/home/sandy/dbwebb-kurser/mvc/me/report/tests/Card/CardTest.php" line="79" assertions="3" time="0.000398"/>
        <testcase name="testGetLastDrawnCardEmpty" class="App\Card\CardTest" classname="App.Card.CardTest" file="/home/sandy/dbwebb-kurser/mvc/me/report/tests/Card/CardTest.php" line="94" assertions="2" time="0.000588"/>
        <testcase name="testGetHandValue" class="App\Card\CardTest" classname="App.Card.CardTest" file="/home/sandy/dbwebb-kurser/mvc/me/report/tests/Card/CardTest.php" line="106" assertions="1" time="0.000359"/>
        <testcase name="testDisplay" class="App\Card\CardTest" classname="App.Card.CardTest" file="/home/sandy/dbwebb-kurser/mvc/me/report/tests/Card/CardTest.php" line="119" assertions="2" time="0.001056"/>
        <testcase name="testDisplayDeck" class="App\Card\CardTest" classname="App.Card.CardTest" file="/home/sandy/dbwebb-kurser/mvc/me/report/tests/Card/CardTest.php" line="133" assertions="1" time="0.000389"/>
        <testcase name="testDisplayDeckEmpty" class="App\Card\CardTest" classname="App.Card.CardTest" file="/home/sandy/dbwebb-kurser/mvc/me/report/tests/Card/CardTest.php" line="143" assertions="1" time="0.000343"/>
      </testsuite>
    </testsuite>
  </testsuite>
</testsuites>
